<?xml version="1.0" encoding="UTF-8"?>
<!-- Generated by org.testng.reporters.JUnitReportReporter -->
<testsuite skipped="1" hostname="ramsunkara" name="com.primusbank.tests.AdminLoginDataDriver" tests="1" failures="0" timestamp="16 Jun 2019 06:11:43 GMT" time="0.000" errors="0">
  <testcase name="adminLogin12" time="0.000" classname="com.primusbank.tests.AdminLoginDataDriver">
    <skipped/>
  </testcase> <!-- adminLogin12 -->
</testsuite> <!-- com.primusbank.tests.AdminLoginDataDriver -->
