<?xml version="1.0" encoding="UTF-8"?>
<!-- Generated by org.testng.reporters.JUnitReportReporter -->
<testsuite skipped="0" hostname="ramsunkara" name="com.primusbank.tests.BankerLoginDataDriver" tests="2" failures="0" timestamp="16 Jun 2019 14:22:18 GMT" time="13.176" errors="0">
  <testcase name="bankerLogin" time="0.851" classname="com.primusbank.tests.BankerLoginDataDriver"/>
  <testcase name="bankerLogin" time="12.325" classname="com.primusbank.tests.BankerLoginDataDriver"/>
</testsuite> <!-- com.primusbank.tests.BankerLoginDataDriver -->
